Taking input from tmp.sim, scl_fet.xyz, scl_fet.edge ...
Read simulation parameters ...
  : reorg 0.132
  : Vds -1
  : Vg 0.5
  : temp 300
  : hoppers 0
  : maxTime 1e-7
  : tol 0.05
  : mode fet
  : siteEnergies 1
  : hopperInteractions 1
  : dielectric 4.4
  : movesCycle 2e4
  : verbosity low
  : 
Setting up GSL random number generator...
	Generator type: mt19937
	Seed = 0
Source Fermi energy = 0.5, drain Fermi energy = -0.5
Read in 200 vertices from scl_fet.xyz
Read in 298 edges from scl_fet.edge
Generated 13 charges, as read from occ.occ
All systems go!  Beginning KMC...
.................................
.................................
Charge density converged at time = 6.65964e-12
	Number of charges = 19
	Charges collected / injected since last reset = 12 / 13
Current converged at time = 1.14982e-10
	Number of charges = 16
	Current (A) = 5.63528e-07
Simulation finished with 0 warnings
.................................
.................................
> TIME = 1.14982e-10
> NUMBER OF HOPPERS LEFT = 16
> TOTAL NUMBER OF HOPPERS COLLECTED AT DRAIN = 382
> TOTAL NUMBER OF HOPPERS INJECTED AT SOURCE = 382
> CURRENT (A) = 5.63528e-07
> OCCUPIED MOLECULES AT END OF SIMULATION
	molecule_ID
	2
	6
	16
	23
	30
	37
	48
	56
	70
	76
	90
	100
	118
	134
	170
	179
