Taking input from fet.sim, scl_fet.xyz, scl_fet.edge ...
Read simulation parameters ...
 : reorg 0.132
 : Vds -1
 : Vg 0.1 0.3 0.5 0.7 0.9
 : temp 300
 : hoppers 0
 : maxTime 1e-7
 : tol 0.05
 : mode fet
 : siteEnergies 1
 : hopperInteractions 1
 : dielectric 4.4
 : movesCycle 2e4
 : verbosity high
 : printVertices 1
 : printEdges 1
 :
Setting up GSL random number generator...
       Generator type: mt19937
       Seed = 0
Initialising Graph...
Source Fermi energy = 0.1, drain Fermi energy = -0.9
Reading E's from ***.xyz
Read in 200 vertices from scl_fet.xyz
Read in 298 edges from scl_fet.edge
Setting rates pre-factors
0       0       0       g       0
0       10      0       g       0
0       0       10      -       0
0       10      10      -       0
0       0       20      -       0
0       10      20      -       0
0       0       30      -       0
0       10      30      -       0
0       0       40      -       0
0       10      40      -       0
0       0       50      -       0
0       10      50      -       0
0       0       60      -       0
0       10      60      -       0
0       0       70      -       0
0       10      70      -       0
0       0       80      -       0
0       10      80      -       0
0       0       90      -       0
0       10      90      -       0
0       0       100     -       0
0       10      100     -       0
0       0       110     -       0
0       10      110     -       0
0       0       120     -       0
0       10      120     -       0
0       0       130     -       0
0       10      130     -       0
0       0       140     -       0
0       10      140     -       0
0       0       150     -       0
0       10      150     -       0
0       0       160     -       0
0       10      160     -       0
0       0       170     -       0
0       10      170     -       0
0       0       180     -       0
0       10      180     -       0
0       0       190     -       0
0       10      190     -       0
0       0       200     -       0
0       10      200     -       0
0       0       210     -       0
0       10      210     -       0
0       0       220     -       0
0       10      220     -       0
0       0       230     -       0
0       10      230     -       0
0       0       240     -       0
0       10      240     -       0
0       0       250     -       0
0       10      250     -       0
0       0       260     -       0
0       10      260     -       0
0       0       270     -       0
0       10      270     -       0
0       0       280     -       0
0       10      280     -       0
0       0       290     -       0
0       10      290     -       0
0       0       300     -       0
0       10      300     -       0
0       0       310     -       0
0       10      310     -       0
0       0       320     -       0
0       10      320     -       0
0       0       330     -       0
0       10      330     -       0
0       0       340     -       0
0       10      340     -       0
0       0       350     -       0
0       10      350     -       0
0       0       360     -       0
0       10      360     -       0
0       0       370     -       0
0       10      370     -       0
0       0       380     -       0
0       10      380     -       0
0       0       390     -       0
0       10      390     -       0
0       0       400     -       0
0       10      400     -       0
0       0       410     -       0
0       10      410     -       0
0       0       420     -       0
0       10      420     -       0
0       0       430     -       0
0       10      430     -       0
0       0       440     -       0
0       10      440     -       0
0       0       450     -       0
0       10      450     -       0
0       0       460     -       0
0       10      460     -       0
0       0       470     -       0
0       10      470     -       0
0       0       480     -       0
0       10      480     -       0
0       0       490     -       0
0       10      490     -       0
0       0       500     -       0
0       10      500     -       0
0       0       510     -       0
0       10      510     -       0
0       0       520     -       0
0       10      520     -       0
0       0       530     -       0
0       10      530     -       0
0       0       540     -       0
0       10      540     -       0
0       0       550     -       0
0       10      550     -       0
0       0       560     -       0
0       10      560     -       0
0       0       570     -       0
0       10      570     -       0
0       0       580     -       0
0       10      580     -       0
0       0       590     -       0
0       10      590     -       0
0       0       600     -       0
0       10      600     -       0
0       0       610     -       0
0       10      610     -       0
0       0       620     -       0
0       10      620     -       0
0       0       630     -       0
0       10      630     -       0
0       0       640     -       0
0       10      640     -       0
0       0       650     -       0
0       10      650     -       0
0       0       660     -       0
0       10      660     -       0
0       0       670     -       0
0       10      670     -       0
0       0       680     -       0
0       10      680     -       0
0       0       690     -       0
0       10      690     -       0
0       0       700     -       0
0       10      700     -       0
0       0       710     -       0
0       10      710     -       0
0       0       720     -       0
0       10      720     -       0
0       0       730     -       0
0       10      730     -       0
0       0       740     -       0
0       10      740     -       0
0       0       750     -       0
0       10      750     -       0
0       0       760     -       0
0       10      760     -       0
0       0       770     -       0
0       10      770     -       0
0       0       780     -       0
0       10      780     -       0
0       0       790     -       0
0       10      790     -       0
0       0       800     -       0
0       10      800     -       0
0       0       810     -       0
0       10      810     -       0
0       0       820     -       0
0       10      820     -       0
0       0       830     -       0
0       10      830     -       0
0       0       840     -       0
0       10      840     -       0
0       0       850     -       0
0       10      850     -       0
0       0       860     -       0
0       10      860     -       0
0       0       870     -       0
0       10      870     -       0
0       0       880     -       0
0       10      880     -       0
0       0       890     -       0
0       10      890     -       0
0       0       900     -       0
0       10      900     -       0
0       0       910     -       0
0       10      910     -       0
0       0       920     -       0
0       10      920     -       0
0       0       930     -       0
0       10      930     -       0
0       0       940     -       0
0       10      940     -       0
0       0       950     -       0
0       10      950     -       0
0       0       960     -       0
0       10      960     -       0
0       0       970     -       0
0       10      970     -       0
0       0       980     -       0
0       10      980     -       0
0       0       990     c       0
0       10      990     c       0
mol_ID  neigh_ID        delta_z J
0
       1       0       0.1
       2       10      0.1
1
       0       0       0.1
       3       10      0.1
2
       0       -10     0.1
       3       0       0.1
       4       10      0.1
3
       1       -10     0.1
       2       0       0.1
       5       10      0.1
4
       2       -10     0.1
       5       0       0.1
       6       10      0.1
5
       3       -10     0.1
       4       0       0.1
       7       10      0.1
6
       4       -10     0.1
       7       0       0.1
       8       10      0.1
7
       5       -10     0.1
       6       0       0.1
       9       10      0.1
8
       6       -10     0.1
       9       0       0.1
       10      10      0.1
9
       7       -10     0.1
       8       0       0.1
       11      10      0.1
10
       8       -10     0.1
       11      0       0.1
       12      10      0.1
11
       9       -10     0.1
       10      0       0.1
       13      10      0.1
12
       10      -10     0.1
       13      0       0.1
       14      10      0.1
13
       11      -10     0.1
       12      0       0.1
       15      10      0.1
14
       12      -10     0.1
       15      0       0.1
       16      10      0.1
15
       13      -10     0.1
       14      0       0.1
       17      10      0.1
16
       14      -10     0.1
       17      0       0.1
       18      10      0.1
17
       15      -10     0.1
       16      0       0.1
       19      10      0.1
18
       16      -10     0.1
       19      0       0.1
       20      10      0.1
19
       17      -10     0.1
       18      0       0.1
       21      10      0.1
20
       18      -10     0.1
       21      0       0.1
       22      10      0.1
21
       19      -10     0.1
       20      0       0.1
       23      10      0.1
22
       20      -10     0.1
       23      0       0.1
       24      10      0.1
23
       21      -10     0.1
       22      0       0.1
       25      10      0.1
24
       22      -10     0.1
       25      0       0.1
       26      10      0.1
25
       23      -10     0.1
       24      0       0.1
       27      10      0.1
26
       24      -10     0.1
       27      0       0.1
       28      10      0.1
27
       25      -10     0.1
       26      0       0.1
       29      10      0.1
28
       26      -10     0.1
       29      0       0.1
       30      10      0.1
29
       27      -10     0.1
       28      0       0.1
       31      10      0.1
30
       28      -10     0.1
       31      0       0.1
       32      10      0.1
31
       29      -10     0.1
       30      0       0.1
       33      10      0.1
32
       30      -10     0.1
       33      0       0.1
       34      10      0.1
33
       31      -10     0.1
       32      0       0.1
       35      10      0.1
34
       32      -10     0.1
       35      0       0.1
       36      10      0.1
35
       33      -10     0.1
       34      0       0.1
       37      10      0.1
36
       34      -10     0.1
       37      0       0.1
       38      10      0.1
37
       35      -10     0.1
       36      0       0.1
       39      10      0.1
38
       36      -10     0.1
       39      0       0.1
       40      10      0.1
39
       37      -10     0.1
       38      0       0.1
       41      10      0.1
40
       38      -10     0.1
       41      0       0.1
       42      10      0.1
41
       39      -10     0.1
       40      0       0.1
       43      10      0.1
42
       40      -10     0.1
       43      0       0.1
       44      10      0.1
43
       41      -10     0.1
       42      0       0.1
       45      10      0.1
44
       42      -10     0.1
       45      0       0.1
       46      10      0.1
45
       43      -10     0.1
       44      0       0.1
       47      10      0.1
46
       44      -10     0.1
       47      0       0.1
       48      10      0.1
47
       45      -10     0.1
       46      0       0.1
       49      10      0.1
48
       46      -10     0.1
       49      0       0.1
       50      10      0.1
49
       47      -10     0.1
       48      0       0.1
       51      10      0.1
50
       48      -10     0.1
       51      0       0.1
       52      10      0.1
51
       49      -10     0.1
       50      0       0.1
       53      10      0.1
52
       50      -10     0.1
       53      0       0.1
       54      10      0.1
53
       51      -10     0.1
       52      0       0.1
       55      10      0.1
54
       52      -10     0.1
       55      0       0.1
       56      10      0.1
55
       53      -10     0.1
       54      0       0.1
       57      10      0.1
56
       54      -10     0.1
       57      0       0.1
       58      10      0.1
57
       55      -10     0.1
       56      0       0.1
       59      10      0.1
58
       56      -10     0.1
       59      0       0.1
       60      10      0.1
59
       57      -10     0.1
       58      0       0.1
       61      10      0.1
60
       58      -10     0.1
       61      0       0.1
       62      10      0.1
61
       59      -10     0.1
       60      0       0.1
       63      10      0.1
62
       60      -10     0.1
       63      0       0.1
       64      10      0.1
63
       61      -10     0.1
       62      0       0.1
       65      10      0.1
64
       62      -10     0.1
       65      0       0.1
       66      10      0.1
65
       63      -10     0.1
       64      0       0.1
       67      10      0.1
66
       64      -10     0.1
       67      0       0.1
       68      10      0.1
67
       65      -10     0.1
       66      0       0.1
       69      10      0.1
68
       66      -10     0.1
       69      0       0.1
       70      10      0.1
69
       67      -10     0.1
       68      0       0.1
       71      10      0.1
70
       68      -10     0.1
       71      0       0.1
       72      10      0.1
71
       69      -10     0.1
       70      0       0.1
       73      10      0.1
72
       70      -10     0.1
       73      0       0.1
       74      10      0.1
73
       71      -10     0.1
       72      0       0.1
       75      10      0.1
74
       72      -10     0.1
       75      0       0.1
       76      10      0.1
75
       73      -10     0.1
       74      0       0.1
       77      10      0.1
76
       74      -10     0.1
       77      0       0.1
       78      10      0.1
77
       75      -10     0.1
       76      0       0.1
       79      10      0.1
78
       76      -10     0.1
       79      0       0.1
       80      10      0.1
79
       77      -10     0.1
       78      0       0.1
       81      10      0.1
80
       78      -10     0.1
       81      0       0.1
       82      10      0.1
81
       79      -10     0.1
       80      0       0.1
       83      10      0.1
82
       80      -10     0.1
       83      0       0.1
       84      10      0.1
83
       81      -10     0.1
       82      0       0.1
       85      10      0.1
84
       82      -10     0.1
       85      0       0.1
       86      10      0.1
85
       83      -10     0.1
       84      0       0.1
       87      10      0.1
86
       84      -10     0.1
       87      0       0.1
       88      10      0.1
87
       85      -10     0.1
       86      0       0.1
       89      10      0.1
88
       86      -10     0.1
       89      0       0.1
       90      10      0.1
89
       87      -10     0.1
       88      0       0.1
       91      10      0.1
90
       88      -10     0.1
       91      0       0.1
       92      10      0.1
91
       89      -10     0.1
       90      0       0.1
       93      10      0.1
92
       90      -10     0.1
       93      0       0.1
       94      10      0.1
93
       91      -10     0.1
       92      0       0.1
       95      10      0.1
94
       92      -10     0.1
       95      0       0.1
       96      10      0.1
95
       93      -10     0.1
       94      0       0.1
       97      10      0.1
96
       94      -10     0.1
       97      0       0.1
       98      10      0.1
97
       95      -10     0.1
       96      0       0.1
       99      10      0.1
98
       96      -10     0.1
       99      0       0.1
       100     10      0.1
99
       97      -10     0.1
       98      0       0.1
       101     10      0.1
100
       98      -10     0.1
       101     0       0.1
       102     10      0.1
101
       99      -10     0.1
       100     0       0.1
       103     10      0.1
102
       100     -10     0.1
       103     0       0.1
       104     10      0.1
103
       101     -10     0.1
       102     0       0.1
       105     10      0.1
104
       102     -10     0.1
       105     0       0.1
       106     10      0.1
105
       103     -10     0.1
       104     0       0.1
       107     10      0.1
106
       104     -10     0.1
       107     0       0.1
       108     10      0.1
107
       105     -10     0.1
       106     0       0.1
       109     10      0.1
108
       106     -10     0.1
       109     0       0.1
       110     10      0.1
109
       107     -10     0.1
       108     0       0.1
       111     10      0.1
110
       108     -10     0.1
       111     0       0.1
       112     10      0.1
111
       109     -10     0.1
       110     0       0.1
       113     10      0.1
112
       110     -10     0.1
       113     0       0.1
       114     10      0.1
113
       111     -10     0.1
       112     0       0.1
       115     10      0.1
114
       112     -10     0.1
       115     0       0.1
       116     10      0.1
115
       113     -10     0.1
       114     0       0.1
       117     10      0.1
116
       114     -10     0.1
       117     0       0.1
       118     10      0.1
117
       115     -10     0.1
       116     0       0.1
       119     10      0.1
118
       116     -10     0.1
       119     0       0.1
       120     10      0.1
119
       117     -10     0.1
       118     0       0.1
       121     10      0.1
120
       118     -10     0.1
       121     0       0.1
       122     10      0.1
121
       119     -10     0.1
       120     0       0.1
       123     10      0.1
122
       120     -10     0.1
       123     0       0.1
       124     10      0.1
123
       121     -10     0.1
       122     0       0.1
       125     10      0.1
124
       122     -10     0.1
       125     0       0.1
       126     10      0.1
125
       123     -10     0.1
       124     0       0.1
       127     10      0.1
126
       124     -10     0.1
       127     0       0.1
       128     10      0.1
127
       125     -10     0.1
       126     0       0.1
       129     10      0.1
128
       126     -10     0.1
       129     0       0.1
       130     10      0.1
129
       127     -10     0.1
       128     0       0.1
       131     10      0.1
130
       128     -10     0.1
       131     0       0.1
       132     10      0.1
131
       129     -10     0.1
       130     0       0.1
       133     10      0.1
132
       130     -10     0.1
       133     0       0.1
       134     10      0.1
133
       131     -10     0.1
       132     0       0.1
       135     10      0.1
134
       132     -10     0.1
       135     0       0.1
       136     10      0.1
135
       133     -10     0.1
       134     0       0.1
       137     10      0.1
136
       134     -10     0.1
       137     0       0.1
       138     10      0.1
137
       135     -10     0.1
       136     0       0.1
       139     10      0.1
138
       136     -10     0.1
       139     0       0.1
       140     10      0.1
139
       137     -10     0.1
       138     0       0.1
       141     10      0.1
140
       138     -10     0.1
       141     0       0.1
       142     10      0.1
141
       139     -10     0.1
       140     0       0.1
       143     10      0.1
142
       140     -10     0.1
       143     0       0.1
       144     10      0.1
143
       141     -10     0.1
       142     0       0.1
       145     10      0.1
144
       142     -10     0.1
       145     0       0.1
       146     10      0.1
145
       143     -10     0.1
       144     0       0.1
       147     10      0.1
146
       144     -10     0.1
       147     0       0.1
       148     10      0.1
147
       145     -10     0.1
       146     0       0.1
       149     10      0.1
148
       146     -10     0.1
       149     0       0.1
       150     10      0.1
149
       147     -10     0.1
       148     0       0.1
       151     10      0.1
150
       148     -10     0.1
       151     0       0.1
       152     10      0.1
151
       149     -10     0.1
       150     0       0.1
       153     10      0.1
152
       150     -10     0.1
       153     0       0.1
       154     10      0.1
153
       151     -10     0.1
       152     0       0.1
       155     10      0.1
154
       152     -10     0.1
       155     0       0.1
       156     10      0.1
155
       153     -10     0.1
       154     0       0.1
       157     10      0.1
156
       154     -10     0.1
       157     0       0.1
       158     10      0.1
157
       155     -10     0.1
       156     0       0.1
       159     10      0.1
158
       156     -10     0.1
       159     0       0.1
       160     10      0.1
159
       157     -10     0.1
       158     0       0.1
       161     10      0.1
160
       158     -10     0.1
       161     0       0.1
       162     10      0.1
161
       159     -10     0.1
       160     0       0.1
       163     10      0.1
162
       160     -10     0.1
       163     0       0.1
       164     10      0.1
163
       161     -10     0.1
       162     0       0.1
       165     10      0.1
164
       162     -10     0.1
       165     0       0.1
       166     10      0.1
165
       163     -10     0.1
       164     0       0.1
       167     10      0.1
166
       164     -10     0.1
       167     0       0.1
       168     10      0.1
167
       165     -10     0.1
       166     0       0.1
       169     10      0.1
168
       166     -10     0.1
       169     0       0.1
       170     10      0.1
169
       167     -10     0.1
       168     0       0.1
       171     10      0.1
170
       168     -10     0.1
       171     0       0.1
       172     10      0.1
171
       169     -10     0.1
       170     0       0.1
       173     10      0.1
172
       170     -10     0.1
       173     0       0.1
       174     10      0.1
173
       171     -10     0.1
       172     0       0.1
       175     10      0.1
174
       172     -10     0.1
       175     0       0.1
       176     10      0.1
175
       173     -10     0.1
       174     0       0.1
       177     10      0.1
176
       174     -10     0.1
       177     0       0.1
       178     10      0.1
177
       175     -10     0.1
       176     0       0.1
       179     10      0.1
178
       176     -10     0.1
       179     0       0.1
       180     10      0.1
179
       177     -10     0.1
       178     0       0.1
       181     10      0.1
180
       178     -10     0.1
       181     0       0.1
       182     10      0.1
181
       179     -10     0.1
       180     0       0.1
       183     10      0.1
182
       180     -10     0.1
       183     0       0.1
       184     10      0.1
183
       181     -10     0.1
       182     0       0.1
       185     10      0.1
184
       182     -10     0.1
       185     0       0.1
       186     10      0.1
185
       183     -10     0.1
       184     0       0.1
       187     10      0.1
186
       184     -10     0.1
       187     0       0.1
       188     10      0.1
187
       185     -10     0.1
       186     0       0.1
       189     10      0.1
188
       186     -10     0.1
       189     0       0.1
       190     10      0.1
189
       187     -10     0.1
       188     0       0.1
       191     10      0.1
190
       188     -10     0.1
       191     0       0.1
       192     10      0.1
191
       189     -10     0.1
       190     0       0.1
       193     10      0.1
192
       190     -10     0.1
       193     0       0.1
       194     10      0.1
193
       191     -10     0.1
       192     0       0.1
       195     10      0.1
194
       192     -10     0.1
       195     0       0.1
       196     10      0.1
195
       193     -10     0.1
       194     0       0.1
       197     10      0.1
196
       194     -10     0.1
       197     0       0.1
       198     10      0.1
197
       195     -10     0.1
       196     0       0.1
       199     10      0.1
198
       196     -10     0.1
       199     0       0.1
199
       197     -10     0.1
       198     0       0.1
Initialising Hoppers...
Initialised 2 generators and 2 collectors
No '.occ' file successfully read, so generated 1 hoppers at random
Initialising KMC...
Setting moveFasest to 'MoveFastest_F'
All systems go!  Beginning KMC...
.................................
.................................
Using algorithm KMC::FRM_FET()
Hoppers not converged: time = 8.2213e-12; hoppers = 8; hoppers collected/injected = 3/11
Hoppers not converged: resetting collection/injection events. Time = 8.2213e-12
Hoppers not converged: time = 1.55256e-11; hoppers = 7; hoppers collected/injected = 5/4
Hoppers not converged: time = 2.30878e-11; hoppers = 8; hoppers collected/injected = 8/8
Hoppers not converged: time = 3.0486e-11; hoppers = 8; hoppers collected/injected = 14/14
Charge density converged at time = 3.0486e-11
       Number of charges = 8
       Charges collected / injected since last reset = 14 / 14
Hoppers converged: time (s) = 3.72138e-11; hoppers = 9; hoppers collected/injected = 18/19; current (A) = 4.40569e-07
Hoppers converged: time (s) = 4.38512e-11; hoppers = 7; hoppers collected/injected = 22/21; current (A) = 2.57735e-07
Hoppers converged: time (s) = 5.17127e-11; hoppers = 8; hoppers collected/injected = 28/28; current (A) = 2.11342e-07
Hoppers converged: time (s) = 5.81177e-11; hoppers = 7; hoppers collected/injected = 32/31; current (A) = 1.82647e-07
Hoppers converged: time (s) = 6.53378e-11; hoppers = 8; hoppers collected/injected = 35/35; current (A) = 1.60899e-07
Hoppers converged: time (s) = 7.22502e-11; hoppers = 7; hoppers collected/injected = 41/40; current (A) = 1.55368e-07
Hoppers converged: time (s) = 8.05413e-11; hoppers = 8; hoppers collected/injected = 46/46; current (A) = 1.47238e-07
Hoppers converged: time (s) = 8.8331e-11; hoppers = 9; hoppers collected/injected = 49/50; current (A) = 1.37104e-07
Hoppers converged: time (s) = 9.60696e-11; hoppers = 7; hoppers collected/injected = 54/53; current (A) = 1.30698e-07
Hoppers converged: time (s) = 1.04136e-10; hoppers = 8; hoppers collected/injected = 58/58; current (A) = 1.26173e-07
Hoppers converged: time (s) = 1.10618e-10; hoppers = 8; hoppers collected/injected = 62/62; current (A) = 1.23964e-07
Hoppers converged: time (s) = 1.1761e-10; hoppers = 6; hoppers collected/injected = 67/65; current (A) = 1.21371e-07
Hoppers converged: time (s) = 1.2484e-10; hoppers = 6; hoppers collected/injected = 72/70; current (A) = 1.20561e-07
Hoppers converged: time (s) = 1.32896e-10; hoppers = 6; hoppers collected/injected = 75/73; current (A) = 1.15771e-07
Hoppers converged: time (s) = 1.40798e-10; hoppers = 6; hoppers collected/injected = 78/76; current (A) = 1.11835e-07
Hoppers converged: time (s) = 1.48678e-10; hoppers = 8; hoppers collected/injected = 81/81; current (A) = 1.09802e-07
Hoppers converged: time (s) = 1.55859e-10; hoppers = 7; hoppers collected/injected = 86/85; current (A) = 1.09262e-07
Hoppers converged: time (s) = 1.62686e-10; hoppers = 8; hoppers collected/injected = 92/92; current (A) = 1.11498e-07
Hoppers converged: time (s) = 1.69515e-10; hoppers = 6; hoppers collected/injected = 96/94; current (A) = 1.09479e-07
Hoppers converged: time (s) = 1.76715e-10; hoppers = 7; hoppers collected/injected = 98/97; current (A) = 1.06827e-07
Hoppers converged: time (s) = 1.84654e-10; hoppers = 7; hoppers collected/injected = 102/101; current (A) = 1.05483e-07
Hoppers converged: time (s) = 1.91852e-10; hoppers = 8; hoppers collected/injected = 107/107; current (A) = 1.06239e-07
Hoppers converged: time (s) = 1.98689e-10; hoppers = 8; hoppers collected/injected = 111/111; current (A) = 1.0573e-07
Hoppers converged: time (s) = 2.06039e-10; hoppers = 7; hoppers collected/injected = 116/115; current (A) = 1.05411e-07
Hoppers converged: time (s) = 2.13317e-10; hoppers = 8; hoppers collected/injected = 121/121; current (A) = 1.06034e-07
Hoppers converged: time (s) = 2.20843e-10; hoppers = 8; hoppers collected/injected = 125/125; current (A) = 1.05209e-07
Hoppers converged: time (s) = 2.28221e-10; hoppers = 6; hoppers collected/injected = 129/127; current (A) = 1.03714e-07
Hoppers converged: time (s) = 2.34991e-10; hoppers = 7; hoppers collected/injected = 132/131; current (A) = 1.03022e-07
Hoppers converged: time (s) = 2.41755e-10; hoppers = 8; hoppers collected/injected = 136/136; current (A) = 1.03137e-07
Hoppers converged: time (s) = 2.48738e-10; hoppers = 9; hoppers collected/injected = 140/141; current (A) = 1.0314e-07
Hoppers converged: time (s) = 2.55441e-10; hoppers = 8; hoppers collected/injected = 144/144; current (A) = 1.0256e-07
Hoppers converged: time (s) = 2.62199e-10; hoppers = 7; hoppers collected/injected = 149/148; current (A) = 1.0268e-07
Hoppers converged: time (s) = 2.69247e-10; hoppers = 9; hoppers collected/injected = 152/153; current (A) = 1.02333e-07
Hoppers converged: time (s) = 2.76942e-10; hoppers = 7; hoppers collected/injected = 159/158; current (A) = 1.03039e-07
Current converged at time = 2.76942e-10
       Number of charges = 7
       Current (A) = 1.03039e-07
Simulation finished with 0 warnings
.................................
.................................
> TIME = 2.76941e-10
> NUMBER OF HOPPERS LEFT = 7
> TOTAL NUMBER OF HOPPERS COLLECTED AT DRAIN = 159
> TOTAL NUMBER OF HOPPERS INJECTED AT SOURCE = 159
> CURRENT (A) = 1.03039e-07
> OCCUPIED MOLECULES AT END OF SIMULATION
       molecule_ID
       0
       17
       32
       51
       78
       120
       176
