Taking input from tmp.sim, scl.xyz, scl.edge ...
Read simulation parameters ...
  : reorg 0.132
  : temp 300.0
  : fieldZ -5e-3
  : hoppers 1
  : maxTime 1e-9
  : deltaTime 1e-15
  : alpha 1.5
  : tol 1e-4
  : 
Setting up GSL random number generator...
	Generator type: mt19937
	Seed = 0
Read in 12500 vertices from scl.xyz
Read in 32475 edges from scl.edge
All systems go!  Beginning KMC...
.................................
.................................
Mobility converged
Simulation finished with 0 warnings
.................................
.................................
> PHOTOCURRENT TRANSIENT
	time (s)	-	current (A)
	1e-15		3.53185e-06
	1.5e-15		6.42155e-06
	2.25e-15		2.99672e-06
	3.375e-15		5.13724e-06
	5.0625e-15		3.23456e-06
	7.59375e-15		2.91744e-06
	1.13906e-14		3.38254e-06
	1.70859e-14		3.66442e-06
	2.56289e-14		3.68321e-06
	3.84434e-14		4.13422e-06
	5.7665e-14		3.60805e-06
	8.64976e-14		3.93099e-06
	1.29746e-13		4.25393e-06
	1.9462e-13		4.01884e-06
	2.91929e-13		4.05184e-06
	4.37894e-13		3.93525e-06
	6.56841e-13		3.86559e-06
> TOTAL RUNS = 34
> MOBILITY FROM COLLECTION TIMES (cm^2/V.s)= 48.2645
> MOBILITY FROM TOTAL DISPLACEMENT AND TOTAL TIME (cm^2/V.s)= 48.0445
> AVERAGE NUMBER OF HOPPERS COLLECTED PER RUN = 1
> PROBABILITY OF HOPPER BEING COLLECTED DURING RUN = 1
