Taking input from tmp.sim, scl.xyz, scl.edge ...
Read simulation parameters ...
  : reorg 0.132
  : temp 250.0
  : fieldZ -5e-3
  : hoppers 1
  : maxTime 1e-9
  : deltaTime 1e-15
  : alpha 1.5
  : tol 1e-4
  : 
Setting up GSL random number generator...
	Generator type: mt19937
	Seed = 0
Read in 12500 vertices from scl.xyz
Read in 32475 edges from scl.edge
All systems go!  Beginning KMC...
.................................
.................................
Mobility converged
Simulation finished with 0 warnings
.................................
.................................
> PHOTOCURRENT TRANSIENT
	time (s)	-	current (A)
	1e-15		1.28431e-06
	1.5e-15		1.28431e-06
	2.25e-15		4.28103e-07
	3.375e-15		1.71241e-06
	5.0625e-15		1.52214e-06
	7.59375e-15		8.87918e-07
	1.13906e-14		9.302e-07
	1.70859e-14		9.58388e-07
	2.56289e-14		4.8859e-07
	3.84434e-14		1.30291e-06
	5.7665e-14		1.18598e-06
	8.64976e-14		1.16927e-06
	1.29746e-13		1.09132e-06
	1.9462e-13		1.25218e-06
	2.91929e-13		1.24723e-06
	4.37894e-13		1.21203e-06
	6.56841e-13		1.14677e-06
> TOTAL RUNS = 10
> MOBILITY FROM COLLECTION TIMES (cm^2/V.s)= 49.6011
> MOBILITY FROM TOTAL DISPLACEMENT AND TOTAL TIME (cm^2/V.s)= 49.3937
> AVERAGE NUMBER OF HOPPERS COLLECTED PER RUN = 1
> PROBABILITY OF HOPPER BEING COLLECTED DURING RUN = 1
